[10:50:11] [Server thread/INFO]: Starting minecraft server version 1.8.2
[10:50:11] [Server thread/INFO]: Loading properties
[10:50:11] [Server thread/INFO]: Default game type: SURVIVAL
[10:50:11] [Server thread/INFO]: Generating keypair
[10:50:12] [Server thread/INFO]: Starting Minecraft server on *:25565
[10:50:12] [Server thread/INFO]: Using default channel type
[10:50:12] [Server thread/INFO]: Preparing level "world"
[10:50:12] [Server thread/INFO]: Preparing start region for level 0
[10:50:12] [Server thread/INFO]: Done (0.477s)! For help, type "help" or "?"
[10:50:28] [Server thread/INFO]: com.mojang.authlib.GameProfile@3bda01be[id=<null>,name=R3dCobra,properties={},legacy=false] (/192.168.88.1:49458) lost connection: Disconnected
[10:51:13] [User Authenticator #1/INFO]: UUID of player R3dCobra is 5b129d77-c2de-455e-9e3d-8fdde732d3bf
[10:51:13] [Server thread/INFO]: R3dCobra[/192.168.88.1:49657] logged in with entity id 169 at (264.5, 64.0, 304.5)
[10:51:13] [Server thread/INFO]: R3dCobra joined the game
[10:59:35] [Server thread/INFO]: R3dCobra lost connection: TextComponent{text='Disconnected', siblings=[], style=Style{hasParent=false, color=null, bold=null, italic=null, underlined=null, obfuscated=null, clickEvent=null, hoverEvent=null, insertion=null}}
[10:59:35] [Server thread/INFO]: R3dCobra left the game
[10:59:38] [Server thread/INFO]: Unknown command. Try /help for a list of commands
[10:59:40] [Server thread/INFO]: Stopping the server
[10:59:40] [Server thread/INFO]: Stopping server
[10:59:40] [Server thread/INFO]: Saving players
[10:59:40] [Server thread/INFO]: Saving worlds
[10:59:40] [Server thread/INFO]: Saving chunks for level 'world'/Overworld
[10:59:40] [Server thread/INFO]: Saving chunks for level 'world'/Nether
[10:59:40] [Server thread/INFO]: Saving chunks for level 'world'/The End
[10:59:40] [Server Shutdown Thread/INFO]: Stopping server
[10:59:40] [Server Shutdown Thread/INFO]: Saving players
